<?xml version="1.0" encoding="UTF-8"?>
<!-- Generated by org.testng.reporters.JUnitReportReporter -->
<testsuite hostname="ASDP1728PO02529" name="com.qait.training.automation.tests.BasicTatocTest" tests="1" failures="0" timestamp="26 Jul 2017 12:10:31 GMT" time="35.247" errors="0">
  <testcase name="Test01_verifyUserCanSuccessfullyLogin" time="35.247" classname="com.qait.training.automation.tests.BasicTatocTest"/>
</testsuite> <!-- com.qait.training.automation.tests.BasicTatocTest -->
