<?xml version="1.0" encoding="UTF-8"?>
<!-- Generated by org.testng.reporters.JUnitReportReporter -->
<testsuite hostname="ASDP1728PO02529" name="com.qait.training.automation.tests.TatocTest" tests="1" failures="0" timestamp="28 Jul 2017 08:23:49 GMT" time="9.837" errors="0">
  <testcase name="Test02_verifyAdvancedCourse" time="9.837" classname="com.qait.training.automation.tests.TatocTest"/>
</testsuite> <!-- com.qait.training.automation.tests.TatocTest -->
